app/build/intermediates/manifest_merge_blame_file/debug/manifest-merger-blame-debug-report.txt
1<?xml version="1.0" encoding="utf-8"?>
2<manifest xmlns:android="http://schemas.android.com/apk/res/android"
3    package="com.example.gr"
4    android:versionCode="1"
5    android:versionName="1.0" >
6
7    <uses-sdk
8        android:minSdkVersion="23"
9        android:targetSdkVersion="34" />
10
11    <uses-feature
11-->src\main\AndroidManifest.xml:6:5-8:35
12        android:name="android.hardware.location.gps"
12-->src\main\AndroidManifest.xml:7:9-53
13        android:required="true" />
13-->src\main\AndroidManifest.xml:8:9-32
14
15    <uses-permission android:name="android.permission.ACCESS_FINE_LOCATION" />
15-->src\main\AndroidManifest.xml:10:5-79
15-->src\main\AndroidManifest.xml:10:22-76
16    <uses-permission android:name="android.permission.ACCESS_COARSE_LOCATION" />
16-->src\main\AndroidManifest.xml:11:5-81
16-->src\main\AndroidManifest.xml:11:22-78
17    <uses-permission android:name="android.permission.ACCESS_BACKGROUND_LOCATION" />
17-->src\main\AndroidManifest.xml:12:5-85
17-->src\main\AndroidManifest.xml:12:22-82
18    <uses-permission
18-->src\main\AndroidManifest.xml:14:5-16:38
19        android:name="android.permission.BLUETOOTH"
19-->src\main\AndroidManifest.xml:15:9-52
20        android:maxSdkVersion="30" />
20-->src\main\AndroidManifest.xml:16:9-35
21    <uses-permission
21-->src\main\AndroidManifest.xml:17:5-19:38
22        android:name="android.permission.BLUETOOTH_ADMIN"
22-->src\main\AndroidManifest.xml:18:9-58
23        android:maxSdkVersion="30" />
23-->src\main\AndroidManifest.xml:19:9-35
24    <uses-permission android:name="android.permission.BLUETOOTH_SCAN" />
24-->src\main\AndroidManifest.xml:20:5-73
24-->src\main\AndroidManifest.xml:20:22-70
25    <uses-permission android:name="android.permission.BLUETOOTH_CONNECT" />
25-->src\main\AndroidManifest.xml:21:5-76
25-->src\main\AndroidManifest.xml:21:22-73
26    <uses-permission android:name="android.permission.INTERNET" />
26-->src\main\AndroidManifest.xml:23:5-67
26-->src\main\AndroidManifest.xml:23:22-64
27    <uses-permission android:name="android.permission.CALL_PHONE" />
27-->src\main\AndroidManifest.xml:24:5-69
27-->src\main\AndroidManifest.xml:24:22-66
28    <uses-permission android:name="android.permission.POST_NOTIFICATIONS" />
28-->src\main\AndroidManifest.xml:25:5-77
28-->src\main\AndroidManifest.xml:25:22-74
29    <uses-permission android:name="android.permission.READ_PRIVILEGED_PHONE_STATE" />
29-->src\main\AndroidManifest.xml:26:5-28:47
29-->src\main\AndroidManifest.xml:27:9-70
30
31    <!-- Used for background service -->
32    <uses-permission android:name="android.permission.RECEIVE_BOOT_COMPLETED" />
32-->src\main\AndroidManifest.xml:31:5-81
32-->src\main\AndroidManifest.xml:31:22-78
33    <uses-permission android:name="android.permission.FOREGROUND_SERVICE" />
33-->src\main\AndroidManifest.xml:32:5-77
33-->src\main\AndroidManifest.xml:32:22-74
34    <uses-permission android:name="android.permission.REQUEST_COMPANION_RUN_IN_BACKGROUND" />
34-->src\main\AndroidManifest.xml:33:5-94
34-->src\main\AndroidManifest.xml:33:22-91
35
36    <!-- Used for starting activities from the background with intents -->
37    <uses-permission android:name="android.permission.SYSTEM_ALERT_WINDOW" />
37-->src\main\AndroidManifest.xml:36:5-78
37-->src\main\AndroidManifest.xml:36:22-75
38
39    <!--
40SDK 30 & Android 11 - Used for getting app name from notifications, and for starting
41services from other packages via intents, when targeting Android API level 30 or later
42on devices running Android 11 or later.
43https://developer.android.com/training/package-visibility
44https://support.google.com/googleplay/android-developer/answer/10158779?hl=en#zippy=%2Cpermitted-uses-of-the-query-all-packages-permission%2Cexceptions
45    -->
46    <uses-permission android:name="android.permission.QUERY_ALL_PACKAGES" />
46-->src\main\AndroidManifest.xml:45:5-47:53
46-->src\main\AndroidManifest.xml:46:9-61
47
48    <uses-feature
48-->src\main\AndroidManifest.xml:49:5-51:35
49        android:name="android.hardware.bluetooth"
49-->src\main\AndroidManifest.xml:50:9-50
50        android:required="true" />
50-->src\main\AndroidManifest.xml:51:9-32
51    <uses-feature
51-->src\main\AndroidManifest.xml:52:5-54:36
52        android:name="android.hardware.bluetooth_le"
52-->src\main\AndroidManifest.xml:53:9-53
53        android:required="false" />
53-->src\main\AndroidManifest.xml:54:9-33
54    <uses-feature
54-->src\main\AndroidManifest.xml:55:5-57:36
55        android:name="android.hardware.telephony"
55-->src\main\AndroidManifest.xml:56:9-50
56        android:required="false" />
56-->src\main\AndroidManifest.xml:57:9-33
57    <uses-feature
57-->src\main\AndroidManifest.xml:58:5-60:36
58        android:name="android.software.companion_device_setup"
58-->src\main\AndroidManifest.xml:59:9-63
59        android:required="false" />
59-->src\main\AndroidManifest.xml:60:9-33
60
61    <queries>
61-->src\main\AndroidManifest.xml:62:5-68:15
62        <intent>
62-->src\main\AndroidManifest.xml:63:9-67:18
63            <action android:name="android.intent.action.VIEW" />
63-->src\main\AndroidManifest.xml:64:13-65
63-->src\main\AndroidManifest.xml:64:21-62
64
65            <category android:name="android.intent.category.DEFAULT" />
65-->src\main\AndroidManifest.xml:65:13-72
65-->src\main\AndroidManifest.xml:65:23-69
66
67            <data android:scheme="https" />
67-->src\main\AndroidManifest.xml:66:13-44
67-->src\main\AndroidManifest.xml:66:19-41
68        </intent>
69    </queries>
70
71    <uses-permission android:name="android.permission.ACCESS_NETWORK_STATE" />
71-->[com.google.firebase:firebase-auth:23.0.0] AndroidManifest.xml:26:5-79
71-->[com.google.firebase:firebase-auth:23.0.0] AndroidManifest.xml:26:22-76
72    <uses-permission android:name="android.permission.WAKE_LOCK" />
72-->[com.google.android.gms:play-services-measurement:22.0.2] AndroidManifest.xml:25:5-68
72-->[com.google.android.gms:play-services-measurement:22.0.2] AndroidManifest.xml:25:22-65
73    <uses-permission android:name="com.google.android.finsky.permission.BIND_GET_INSTALL_REFERRER_SERVICE" />
73-->[com.google.android.gms:play-services-measurement:22.0.2] AndroidManifest.xml:26:5-110
73-->[com.google.android.gms:play-services-measurement:22.0.2] AndroidManifest.xml:26:22-107
74    <uses-permission android:name="com.google.android.gms.permission.AD_ID" />
74-->[com.google.android.gms:play-services-measurement-api:22.0.2] AndroidManifest.xml:25:5-79
74-->[com.google.android.gms:play-services-measurement-api:22.0.2] AndroidManifest.xml:25:22-76
75    <uses-permission android:name="android.permission.ACCESS_ADSERVICES_ATTRIBUTION" />
75-->[com.google.android.gms:play-services-measurement-api:22.0.2] AndroidManifest.xml:26:5-88
75-->[com.google.android.gms:play-services-measurement-api:22.0.2] AndroidManifest.xml:26:22-85
76    <uses-permission android:name="android.permission.ACCESS_ADSERVICES_AD_ID" />
76-->[com.google.android.gms:play-services-measurement-api:22.0.2] AndroidManifest.xml:27:5-82
76-->[com.google.android.gms:play-services-measurement-api:22.0.2] AndroidManifest.xml:27:22-79
77    <uses-permission android:name="com.google.android.providers.gsf.permission.READ_GSERVICES" />
77-->[com.google.android.recaptcha:recaptcha:18.4.0] AndroidManifest.xml:9:5-98
77-->[com.google.android.recaptcha:recaptcha:18.4.0] AndroidManifest.xml:9:22-95
78
79    <permission
79-->[androidx.core:core:1.13.0] AndroidManifest.xml:22:5-24:47
80        android:name="com.example.gr.DYNAMIC_RECEIVER_NOT_EXPORTED_PERMISSION"
80-->[androidx.core:core:1.13.0] AndroidManifest.xml:23:9-81
81        android:protectionLevel="signature" />
81-->[androidx.core:core:1.13.0] AndroidManifest.xml:24:9-44
82
83    <uses-permission android:name="com.example.gr.DYNAMIC_RECEIVER_NOT_EXPORTED_PERMISSION" />
83-->[androidx.core:core:1.13.0] AndroidManifest.xml:26:5-97
83-->[androidx.core:core:1.13.0] AndroidManifest.xml:26:22-94
84
85    <application
85-->src\main\AndroidManifest.xml:69:5-172:19
86        android:name="com.example.gr.ControllerApplication"
86-->src\main\AndroidManifest.xml:70:9-46
87        android:allowBackup="false"
87-->src\main\AndroidManifest.xml:71:9-36
88        android:appComponentFactory="androidx.core.app.CoreComponentFactory"
88-->[androidx.core:core:1.13.0] AndroidManifest.xml:28:18-86
89        android:dataExtractionRules="@xml/data_extraction_rules"
89-->src\main\AndroidManifest.xml:72:9-65
90        android:debuggable="true"
91        android:extractNativeLibs="false"
92        android:fullBackupContent="@xml/backup_rules"
92-->src\main\AndroidManifest.xml:73:9-54
93        android:icon="@drawable/skbk_logo"
93-->src\main\AndroidManifest.xml:74:9-43
94        android:label="@string/app_name"
94-->src\main\AndroidManifest.xml:75:9-41
95        android:roundIcon="@drawable/skbk_logo"
95-->src\main\AndroidManifest.xml:76:9-48
96        android:supportsRtl="false"
96-->src\main\AndroidManifest.xml:77:9-36
97        android:testOnly="true"
98        android:theme="@style/Theme.GR" >
98-->src\main\AndroidManifest.xml:78:9-40
99        <receiver
99-->src\main\AndroidManifest.xml:80:9-89:20
100            android:name="com.example.gr.controller.externalevents.AutoStartReceiver"
100-->src\main\AndroidManifest.xml:81:13-72
101            android:exported="false"
101-->src\main\AndroidManifest.xml:82:13-37
102            android:permission="android.permission.RECEIVE_BOOT_COMPLETED" >
102-->src\main\AndroidManifest.xml:83:13-75
103            <intent-filter>
103-->src\main\AndroidManifest.xml:84:13-88:29
104                <action android:name="android.intent.action.BOOT_COMPLETED" />
104-->src\main\AndroidManifest.xml:85:17-79
104-->src\main\AndroidManifest.xml:85:25-76
105
106                <category android:name="android.intent.category.DEFAULT" />
106-->src\main\AndroidManifest.xml:65:13-72
106-->src\main\AndroidManifest.xml:65:23-69
107
108                <action android:name="android.intent.action.MY_PACKAGE_REPLACED" />
108-->src\main\AndroidManifest.xml:87:17-84
108-->src\main\AndroidManifest.xml:87:25-81
109            </intent-filter>
110        </receiver>
111        <receiver
111-->src\main\AndroidManifest.xml:90:9-102:20
112            android:name="com.example.gr.controller.externalevents.BluetoothStateChangeReceiver"
112-->src\main\AndroidManifest.xml:91:13-83
113            android:exported="true"
113-->src\main\AndroidManifest.xml:92:13-36
114            android:permission="android.permission.BLUETOOTH_ADMIN" >
114-->src\main\AndroidManifest.xml:93:13-68
115            <intent-filter>
115-->src\main\AndroidManifest.xml:94:13-101:29
116                <action android:name="android.bluetooth.adapter.action.STATE_CHANGED" />
116-->src\main\AndroidManifest.xml:95:17-89
116-->src\main\AndroidManifest.xml:95:25-86
117                <action android:name="android.bluetooth.adapter.action.CONNECTION_STATE_CHANGED" />
117-->src\main\AndroidManifest.xml:96:17-100
117-->src\main\AndroidManifest.xml:96:25-97
118                <action android:name="android.bluetooth.device.action.ACL_CONNECTED" />
118-->src\main\AndroidManifest.xml:98:17-88
118-->src\main\AndroidManifest.xml:98:25-85
119                <action android:name="android.bluetooth.device.action.ACL_DISCONNECTED" />
119-->src\main\AndroidManifest.xml:99:17-91
119-->src\main\AndroidManifest.xml:99:25-88
120                <action android:name="android.bluetooth.device.action.ACL_DISCONNECT_REQUESTED" />
120-->src\main\AndroidManifest.xml:100:17-99
120-->src\main\AndroidManifest.xml:100:25-96
121            </intent-filter>
122        </receiver>
123
124        <activity
124-->src\main\AndroidManifest.xml:104:9-112:20
125            android:name="com.example.gr.controller.activity.SplashActivity"
125-->src\main\AndroidManifest.xml:105:13-63
126            android:exported="true" >
126-->src\main\AndroidManifest.xml:106:13-36
127            <intent-filter>
127-->src\main\AndroidManifest.xml:107:13-111:29
128                <action android:name="android.intent.action.MAIN" />
128-->src\main\AndroidManifest.xml:108:17-69
128-->src\main\AndroidManifest.xml:108:25-66
129
130                <category android:name="android.intent.category.LAUNCHER" />
130-->src\main\AndroidManifest.xml:110:17-77
130-->src\main\AndroidManifest.xml:110:27-74
131            </intent-filter>
132        </activity>
133        <activity
133-->src\main\AndroidManifest.xml:113:9-116:77
134            android:name="com.example.gr.controller.device.settings.DeviceSettingsActivity"
134-->src\main\AndroidManifest.xml:114:13-78
135            android:exported="false"
135-->src\main\AndroidManifest.xml:115:13-37
136            android:parentActivityName="com.example.gr.controller.activity.MainActivity" />
136-->src\main\AndroidManifest.xml:116:13-75
137        <activity
137-->src\main\AndroidManifest.xml:117:9-120:77
138            android:name="com.example.gr.controller.activity.DiscoveryActivityV2"
138-->src\main\AndroidManifest.xml:118:13-68
139            android:exported="false"
139-->src\main\AndroidManifest.xml:119:13-37
140            android:parentActivityName="com.example.gr.controller.activity.MainActivity" />
140-->src\main\AndroidManifest.xml:120:13-75
141        <activity
141-->src\main\AndroidManifest.xml:121:9-123:39
142            android:name="com.example.gr.controller.activity.MainActivity"
142-->src\main\AndroidManifest.xml:122:13-61
143            android:exported="false" />
143-->src\main\AndroidManifest.xml:123:13-37
144        <activity
144-->src\main\AndroidManifest.xml:124:9-126:40
145            android:name="com.example.gr.controller.activity.SearchForFoodActivity"
145-->src\main\AndroidManifest.xml:125:13-70
146            android:exported="false" />
146-->src\main\AndroidManifest.xml:126:13-37
147        <activity
147-->src\main\AndroidManifest.xml:127:9-129:40
148            android:name="com.example.gr.controller.activity.SearchForExerciseActivity"
148-->src\main\AndroidManifest.xml:128:13-74
149            android:exported="false" />
149-->src\main\AndroidManifest.xml:129:13-37
150        <activity
150-->src\main\AndroidManifest.xml:130:9-132:40
151            android:name="com.example.gr.controller.activity.FoodDetailActivity"
151-->src\main\AndroidManifest.xml:131:13-67
152            android:exported="false" />
152-->src\main\AndroidManifest.xml:132:13-37
153        <activity
153-->src\main\AndroidManifest.xml:133:9-135:40
154            android:name="com.example.gr.controller.activity.ScrapeRecipeActivity"
154-->src\main\AndroidManifest.xml:134:13-69
155            android:exported="false" />
155-->src\main\AndroidManifest.xml:135:13-37
156        <activity
156-->src\main\AndroidManifest.xml:136:9-138:40
157            android:name="com.example.gr.controller.activity.WorkoutDetailActivity"
157-->src\main\AndroidManifest.xml:137:13-70
158            android:exported="false" />
158-->src\main\AndroidManifest.xml:138:13-37
159        <activity
159-->src\main\AndroidManifest.xml:139:9-141:40
160            android:name="com.example.gr.controller.activity.CreateFoodActivity"
160-->src\main\AndroidManifest.xml:140:13-67
161            android:exported="false" />
161-->src\main\AndroidManifest.xml:141:13-37
162        <activity
162-->src\main\AndroidManifest.xml:142:9-146:78
163            android:name="com.example.gr.controller.device.huami.miband.MiBandPairingActivity"
163-->src\main\AndroidManifest.xml:143:13-81
164            android:exported="false"
164-->src\main\AndroidManifest.xml:144:13-37
165            android:label="@string/title_activity_mi_band_pairing"
165-->src\main\AndroidManifest.xml:145:13-67
166            android:parentActivityName="com.example.gr.controller.activity.MainActivity" />
166-->src\main\AndroidManifest.xml:146:13-75
167        <activity
167-->src\main\AndroidManifest.xml:147:9-150:78
168            android:name="com.example.gr.controller.device.settings.AboutUserPreferencesActivity"
168-->src\main\AndroidManifest.xml:148:13-84
169            android:exported="false"
169-->src\main\AndroidManifest.xml:149:13-37
170            android:parentActivityName="com.example.gr.controller.activity.MainActivity" />
170-->src\main\AndroidManifest.xml:150:13-75
171        <activity
171-->src\main\AndroidManifest.xml:151:9-153:40
172            android:name="com.example.gr.controller.activity.RecipeDetailActivity"
172-->src\main\AndroidManifest.xml:152:13-69
173            android:exported="false" />
173-->src\main\AndroidManifest.xml:153:13-37
174        <activity
174-->src\main\AndroidManifest.xml:154:9-156:40
175            android:name="com.example.gr.controller.activity.HistoryListActivity"
175-->src\main\AndroidManifest.xml:155:13-68
176            android:exported="false" />
176-->src\main\AndroidManifest.xml:156:13-37
177        <activity
177-->src\main\AndroidManifest.xml:157:9-159:40
178            android:name="com.example.gr.controller.activity.LogInActivity"
178-->src\main\AndroidManifest.xml:158:13-62
179            android:exported="false" />
179-->src\main\AndroidManifest.xml:159:13-37
180        <activity
180-->src\main\AndroidManifest.xml:160:9-162:36
181            android:name="com.example.gr.controller.activity.SignUpActivity"
181-->src\main\AndroidManifest.xml:161:9-59
182            android:exported="false" />
182-->src\main\AndroidManifest.xml:162:9-33
183
184        <service
184-->src\main\AndroidManifest.xml:163:9-166:39
185            android:name="com.example.gr.controller.service.btle.BLEScanService"
185-->src\main\AndroidManifest.xml:164:13-67
186            android:enabled="true"
186-->src\main\AndroidManifest.xml:165:13-35
187            android:exported="false" />
187-->src\main\AndroidManifest.xml:166:13-37
188        <service android:name="com.example.gr.controller.service.DeviceCommunicationService" />
188-->src\main\AndroidManifest.xml:167:9-82
188-->src\main\AndroidManifest.xml:167:18-79
189
190        <meta-data
190-->src\main\AndroidManifest.xml:169:9-171:57
191            android:name="preloaded_fonts"
191-->src\main\AndroidManifest.xml:170:13-43
192            android:resource="@array/preloaded_fonts" />
192-->src\main\AndroidManifest.xml:171:13-54
193
194        <activity
194-->[com.google.firebase:firebase-auth:23.0.0] AndroidManifest.xml:29:9-46:20
195            android:name="com.google.firebase.auth.internal.GenericIdpActivity"
195-->[com.google.firebase:firebase-auth:23.0.0] AndroidManifest.xml:30:13-80
196            android:excludeFromRecents="true"
196-->[com.google.firebase:firebase-auth:23.0.0] AndroidManifest.xml:31:13-46
197            android:exported="true"
197-->[com.google.firebase:firebase-auth:23.0.0] AndroidManifest.xml:32:13-36
198            android:launchMode="singleTask"
198-->[com.google.firebase:firebase-auth:23.0.0] AndroidManifest.xml:33:13-44
199            android:theme="@android:style/Theme.Translucent.NoTitleBar" >
199-->[com.google.firebase:firebase-auth:23.0.0] AndroidManifest.xml:34:13-72
200            <intent-filter>
200-->[com.google.firebase:firebase-auth:23.0.0] AndroidManifest.xml:35:13-45:29
201                <action android:name="android.intent.action.VIEW" />
201-->src\main\AndroidManifest.xml:64:13-65
201-->src\main\AndroidManifest.xml:64:21-62
202
203                <category android:name="android.intent.category.DEFAULT" />
203-->src\main\AndroidManifest.xml:65:13-72
203-->src\main\AndroidManifest.xml:65:23-69
204                <category android:name="android.intent.category.BROWSABLE" />
204-->[com.google.firebase:firebase-auth:23.0.0] AndroidManifest.xml:39:17-78
204-->[com.google.firebase:firebase-auth:23.0.0] AndroidManifest.xml:39:27-75
205
206                <data
206-->src\main\AndroidManifest.xml:66:13-44
207                    android:host="firebase.auth"
208                    android:path="/"
209                    android:scheme="genericidp" />
209-->src\main\AndroidManifest.xml:66:19-41
210            </intent-filter>
211        </activity>
212        <activity
212-->[com.google.firebase:firebase-auth:23.0.0] AndroidManifest.xml:47:9-64:20
213            android:name="com.google.firebase.auth.internal.RecaptchaActivity"
213-->[com.google.firebase:firebase-auth:23.0.0] AndroidManifest.xml:48:13-79
214            android:excludeFromRecents="true"
214-->[com.google.firebase:firebase-auth:23.0.0] AndroidManifest.xml:49:13-46
215            android:exported="true"
215-->[com.google.firebase:firebase-auth:23.0.0] AndroidManifest.xml:50:13-36
216            android:launchMode="singleTask"
216-->[com.google.firebase:firebase-auth:23.0.0] AndroidManifest.xml:51:13-44
217            android:theme="@android:style/Theme.Translucent.NoTitleBar" >
217-->[com.google.firebase:firebase-auth:23.0.0] AndroidManifest.xml:52:13-72
218            <intent-filter>
218-->[com.google.firebase:firebase-auth:23.0.0] AndroidManifest.xml:53:13-63:29
219                <action android:name="android.intent.action.VIEW" />
219-->src\main\AndroidManifest.xml:64:13-65
219-->src\main\AndroidManifest.xml:64:21-62
220
221                <category android:name="android.intent.category.DEFAULT" />
221-->src\main\AndroidManifest.xml:65:13-72
221-->src\main\AndroidManifest.xml:65:23-69
222                <category android:name="android.intent.category.BROWSABLE" />
222-->[com.google.firebase:firebase-auth:23.0.0] AndroidManifest.xml:39:17-78
222-->[com.google.firebase:firebase-auth:23.0.0] AndroidManifest.xml:39:27-75
223
224                <data
224-->src\main\AndroidManifest.xml:66:13-44
225                    android:host="firebase.auth"
226                    android:path="/"
227                    android:scheme="recaptcha" />
227-->src\main\AndroidManifest.xml:66:19-41
228            </intent-filter>
229        </activity>
230
231        <service
231-->[com.google.firebase:firebase-auth:23.0.0] AndroidManifest.xml:66:9-72:19
232            android:name="com.google.firebase.components.ComponentDiscoveryService"
232-->[com.google.firebase:firebase-auth:23.0.0] AndroidManifest.xml:67:13-84
233            android:directBootAware="true"
233-->[com.google.firebase:firebase-common:21.0.0] AndroidManifest.xml:32:13-43
234            android:exported="false" >
234-->[com.google.firebase:firebase-auth:23.0.0] AndroidManifest.xml:68:13-37
235            <meta-data
235-->[com.google.firebase:firebase-auth:23.0.0] AndroidManifest.xml:69:13-71:85
236                android:name="com.google.firebase.components:com.google.firebase.auth.FirebaseAuthRegistrar"
236-->[com.google.firebase:firebase-auth:23.0.0] AndroidManifest.xml:70:17-109
237                android:value="com.google.firebase.components.ComponentRegistrar" />
237-->[com.google.firebase:firebase-auth:23.0.0] AndroidManifest.xml:71:17-82
238            <meta-data
238-->[com.google.android.gms:play-services-measurement-api:22.0.2] AndroidManifest.xml:37:13-39:85
239                android:name="com.google.firebase.components:com.google.firebase.analytics.connector.internal.AnalyticsConnectorRegistrar"
239-->[com.google.android.gms:play-services-measurement-api:22.0.2] AndroidManifest.xml:38:17-139
240                android:value="com.google.firebase.components.ComponentRegistrar" />
240-->[com.google.android.gms:play-services-measurement-api:22.0.2] AndroidManifest.xml:39:17-82
241            <meta-data
241-->[com.google.firebase:firebase-installations:18.0.0] AndroidManifest.xml:15:13-17:85
242                android:name="com.google.firebase.components:com.google.firebase.installations.FirebaseInstallationsKtxRegistrar"
242-->[com.google.firebase:firebase-installations:18.0.0] AndroidManifest.xml:16:17-130
243                android:value="com.google.firebase.components.ComponentRegistrar" />
243-->[com.google.firebase:firebase-installations:18.0.0] AndroidManifest.xml:17:17-82
244            <meta-data
244-->[com.google.firebase:firebase-installations:18.0.0] AndroidManifest.xml:18:13-20:85
245                android:name="com.google.firebase.components:com.google.firebase.installations.FirebaseInstallationsRegistrar"
245-->[com.google.firebase:firebase-installations:18.0.0] AndroidManifest.xml:19:17-127
246                android:value="com.google.firebase.components.ComponentRegistrar" />
246-->[com.google.firebase:firebase-installations:18.0.0] AndroidManifest.xml:20:17-82
247            <meta-data
247-->[com.google.firebase:firebase-common-ktx:21.0.0] AndroidManifest.xml:12:13-14:85
248                android:name="com.google.firebase.components:com.google.firebase.ktx.FirebaseCommonLegacyRegistrar"
248-->[com.google.firebase:firebase-common-ktx:21.0.0] AndroidManifest.xml:13:17-116
249                android:value="com.google.firebase.components.ComponentRegistrar" />
249-->[com.google.firebase:firebase-common-ktx:21.0.0] AndroidManifest.xml:14:17-82
250            <meta-data
250-->[com.google.firebase:firebase-common:21.0.0] AndroidManifest.xml:35:13-37:85
251                android:name="com.google.firebase.components:com.google.firebase.FirebaseCommonKtxRegistrar"
251-->[com.google.firebase:firebase-common:21.0.0] AndroidManifest.xml:36:17-109
252                android:value="com.google.firebase.components.ComponentRegistrar" />
252-->[com.google.firebase:firebase-common:21.0.0] AndroidManifest.xml:37:17-82
253        </service>
254
255        <receiver
255-->[com.google.android.gms:play-services-measurement:22.0.2] AndroidManifest.xml:29:9-33:20
256            android:name="com.google.android.gms.measurement.AppMeasurementReceiver"
256-->[com.google.android.gms:play-services-measurement:22.0.2] AndroidManifest.xml:30:13-85
257            android:enabled="true"
257-->[com.google.android.gms:play-services-measurement:22.0.2] AndroidManifest.xml:31:13-35
258            android:exported="false" >
258-->[com.google.android.gms:play-services-measurement:22.0.2] AndroidManifest.xml:32:13-37
259        </receiver>
260
261        <service
261-->[com.google.android.gms:play-services-measurement:22.0.2] AndroidManifest.xml:35:9-38:40
262            android:name="com.google.android.gms.measurement.AppMeasurementService"
262-->[com.google.android.gms:play-services-measurement:22.0.2] AndroidManifest.xml:36:13-84
263            android:enabled="true"
263-->[com.google.android.gms:play-services-measurement:22.0.2] AndroidManifest.xml:37:13-35
264            android:exported="false" />
264-->[com.google.android.gms:play-services-measurement:22.0.2] AndroidManifest.xml:38:13-37
265        <service
265-->[com.google.android.gms:play-services-measurement:22.0.2] AndroidManifest.xml:39:9-43:72
266            android:name="com.google.android.gms.measurement.AppMeasurementJobService"
266-->[com.google.android.gms:play-services-measurement:22.0.2] AndroidManifest.xml:40:13-87
267            android:enabled="true"
267-->[com.google.android.gms:play-services-measurement:22.0.2] AndroidManifest.xml:41:13-35
268            android:exported="false"
268-->[com.google.android.gms:play-services-measurement:22.0.2] AndroidManifest.xml:42:13-37
269            android:permission="android.permission.BIND_JOB_SERVICE" />
269-->[com.google.android.gms:play-services-measurement:22.0.2] AndroidManifest.xml:43:13-69
270
271        <property
271-->[com.google.android.gms:play-services-measurement-api:22.0.2] AndroidManifest.xml:30:9-32:61
272            android:name="android.adservices.AD_SERVICES_CONFIG"
272-->[com.google.android.gms:play-services-measurement-api:22.0.2] AndroidManifest.xml:31:13-65
273            android:resource="@xml/ga_ad_services_config" />
273-->[com.google.android.gms:play-services-measurement-api:22.0.2] AndroidManifest.xml:32:13-58
274
275        <service
275-->[androidx.credentials:credentials-play-services-auth:1.2.0-rc01] AndroidManifest.xml:24:9-32:19
276            android:name="androidx.credentials.playservices.CredentialProviderMetadataHolder"
276-->[androidx.credentials:credentials-play-services-auth:1.2.0-rc01] AndroidManifest.xml:25:13-94
277            android:enabled="true"
277-->[androidx.credentials:credentials-play-services-auth:1.2.0-rc01] AndroidManifest.xml:26:13-35
278            android:exported="false" >
278-->[androidx.credentials:credentials-play-services-auth:1.2.0-rc01] AndroidManifest.xml:27:13-37
279            <meta-data
279-->[androidx.credentials:credentials-play-services-auth:1.2.0-rc01] AndroidManifest.xml:29:13-31:104
280                android:name="androidx.credentials.CREDENTIAL_PROVIDER_KEY"
280-->[androidx.credentials:credentials-play-services-auth:1.2.0-rc01] AndroidManifest.xml:30:17-76
281                android:value="androidx.credentials.playservices.CredentialProviderPlayServicesImpl" />
281-->[androidx.credentials:credentials-play-services-auth:1.2.0-rc01] AndroidManifest.xml:31:17-101
282        </service>
283
284        <activity
284-->[androidx.credentials:credentials-play-services-auth:1.2.0-rc01] AndroidManifest.xml:34:9-41:20
285            android:name="androidx.credentials.playservices.HiddenActivity"
285-->[androidx.credentials:credentials-play-services-auth:1.2.0-rc01] AndroidManifest.xml:35:13-76
286            android:configChanges="orientation|screenSize|screenLayout|keyboardHidden"
286-->[androidx.credentials:credentials-play-services-auth:1.2.0-rc01] AndroidManifest.xml:36:13-87
287            android:enabled="true"
287-->[androidx.credentials:credentials-play-services-auth:1.2.0-rc01] AndroidManifest.xml:37:13-35
288            android:exported="false"
288-->[androidx.credentials:credentials-play-services-auth:1.2.0-rc01] AndroidManifest.xml:38:13-37
289            android:fitsSystemWindows="true"
289-->[androidx.credentials:credentials-play-services-auth:1.2.0-rc01] AndroidManifest.xml:39:13-45
290            android:theme="@style/Theme.Hidden" >
290-->[androidx.credentials:credentials-play-services-auth:1.2.0-rc01] AndroidManifest.xml:40:13-48
291        </activity>
292        <activity